<?xml version="1.0" encoding="UTF-8"?>
<!-- Generated by org.testng.reporters.JUnitXMLReporter -->
<testsuite hostname="DESKTOP-MDF3R3A" name="Test" tests="1" failures="1" timestamp="14 Sep 2020 21:05:47 GMT" time="14.16" errors="0">
  <testcase name="iCanAddTodo" time="5.33" classname="com.todos.tests.AddTodoTest">
    <failure type="java.lang.NullPointerException">
      <![CDATA[java.lang.NullPointerException
	at com.todos.tests.AddTodoTest.iCanAddTodo(AddTodoTest.java:25)
... Removed 24 stack frames]]>
    </failure>
  </testcase> <!-- iCanAddTodo -->
</testsuite> <!-- Test -->
